Determining if the pthread_create exist failed with the following output:
Change Dir: /mnt/d/PyGenC/base_repo/CMakeFiles/CMakeTmp

Run Build Command:"/usr/bin/make" "cmTC_27c3b/fast"
/usr/bin/make -f CMakeFiles/cmTC_27c3b.dir/build.make CMakeFiles/cmTC_27c3b.dir/build
make[1]: Entering directory '/mnt/d/PyGenC/base_repo/CMakeFiles/CMakeTmp'
Building C object CMakeFiles/cmTC_27c3b.dir/CheckSymbolExists.c.o
/usr/bin/cc     -o CMakeFiles/cmTC_27c3b.dir/CheckSymbolExists.c.o   -c /mnt/d/PyGenC/base_repo/CMakeFiles/CMakeTmp/CheckSymbolExists.c
Linking C executable cmTC_27c3b
/usr/bin/cmake -E cmake_link_script CMakeFiles/cmTC_27c3b.dir/link.txt --verbose=1
/usr/bin/cc       CMakeFiles/cmTC_27c3b.dir/CheckSymbolExists.c.o  -o cmTC_27c3b -rdynamic 
CMakeFiles/cmTC_27c3b.dir/CheckSymbolExists.c.o: In function `main':
CheckSymbolExists.c:(.text+0x16): undefined reference to `pthread_create'
collect2: error: ld returned 1 exit status
CMakeFiles/cmTC_27c3b.dir/build.make:97: recipe for target 'cmTC_27c3b' failed
make[1]: *** [cmTC_27c3b] Error 1
make[1]: Leaving directory '/mnt/d/PyGenC/base_repo/CMakeFiles/CMakeTmp'
Makefile:126: recipe for target 'cmTC_27c3b/fast' failed
make: *** [cmTC_27c3b/fast] Error 2

File /mnt/d/PyGenC/base_repo/CMakeFiles/CMakeTmp/CheckSymbolExists.c:
/* */
#include <pthread.h>

int main(int argc, char** argv)
{
  (void)argv;
#ifndef pthread_create
  return ((int*)(&pthread_create))[argc];
#else
  (void)argc;
  return 0;
#endif
}

Determining if the function pthread_create exists in the pthreads failed with the following output:
Change Dir: /mnt/d/PyGenC/base_repo/CMakeFiles/CMakeTmp

Run Build Command:"/usr/bin/make" "cmTC_d3dc0/fast"
/usr/bin/make -f CMakeFiles/cmTC_d3dc0.dir/build.make CMakeFiles/cmTC_d3dc0.dir/build
make[1]: Entering directory '/mnt/d/PyGenC/base_repo/CMakeFiles/CMakeTmp'
Building C object CMakeFiles/cmTC_d3dc0.dir/CheckFunctionExists.c.o
/usr/bin/cc    -DCHECK_FUNCTION_EXISTS=pthread_create   -o CMakeFiles/cmTC_d3dc0.dir/CheckFunctionExists.c.o   -c /usr/share/cmake-3.5/Modules/CheckFunctionExists.c
Linking C executable cmTC_d3dc0
/usr/bin/cmake -E cmake_link_script CMakeFiles/cmTC_d3dc0.dir/link.txt --verbose=1
/usr/bin/cc   -DCHECK_FUNCTION_EXISTS=pthread_create    CMakeFiles/cmTC_d3dc0.dir/CheckFunctionExists.c.o  -o cmTC_d3dc0 -rdynamic -lpthreads 
/usr/bin/ld: cannot find -lpthreads
collect2: error: ld returned 1 exit status
CMakeFiles/cmTC_d3dc0.dir/build.make:97: recipe for target 'cmTC_d3dc0' failed
make[1]: *** [cmTC_d3dc0] Error 1
make[1]: Leaving directory '/mnt/d/PyGenC/base_repo/CMakeFiles/CMakeTmp'
Makefile:126: recipe for target 'cmTC_d3dc0/fast' failed
make: *** [cmTC_d3dc0/fast] Error 2


